This file contains any messages produced by compilers while
running configure, to aid debugging if configure makes a mistake.

It was created by phidget22 C Library configure 1.6.20201117, which was
generated by GNU Autoconf 2.69.  Invocation command line was

  $ ./configure --no-create --no-recursion

## --------- ##
## Platform. ##
## --------- ##

hostname = christoph-VirtualBox
uname -m = x86_64
uname -r = 5.3.0-62-generic
uname -s = Linux
uname -v = #56~18.04.1-Ubuntu SMP Wed Jun 24 16:17:03 UTC 2020

/usr/bin/uname -p = unknown
/bin/uname -X     = unknown

/bin/arch              = unknown
/usr/bin/arch -k       = unknown
/usr/convex/getsysinfo = unknown
/usr/bin/hostinfo      = unknown
/bin/machine           = unknown
/usr/bin/oslevel       = unknown
/bin/universe          = unknown

PATH: /opt/ros/melodic/bin
PATH: /usr/local/sbin
PATH: /usr/local/bin
PATH: /usr/sbin
PATH: /usr/bin
PATH: /sbin
PATH: /bin
PATH: /usr/games
PATH: /usr/local/games
PATH: /snap/bin


## ----------- ##
## Core tests. ##
## ----------- ##

configure:2193: checking for a BSD-compatible install
configure:2261: result: /usr/bin/install -c
configure:2272: checking whether build environment is sane
configure:2327: result: yes
configure:2478: checking for a thread-safe mkdir -p
configure:2517: result: /bin/mkdir -p
configure:2524: checking for gawk
configure:2554: result: no
configure:2524: checking for mawk
configure:2540: found /usr/bin/mawk
configure:2551: result: mawk
configure:2562: checking whether make sets $(MAKE)
configure:2584: result: yes
configure:2613: checking whether make supports nested variables
configure:2630: result: yes
configure:2769: checking for style of include used by make
configure:2797: result: GNU
configure:2868: checking for gcc
configure:2884: found /usr/bin/gcc
configure:2895: result: gcc
configure:3124: checking for C compiler version
configure:3133: gcc --version >&5
gcc (Ubuntu 7.5.0-3ubuntu1~18.04) 7.5.0
Copyright (C) 2017 Free Software Foundation, Inc.
This is free software; see the source for copying conditions.  There is NO
warranty; not even for MERCHANTABILITY or FITNESS FOR A PARTICULAR PURPOSE.

configure:3144: $? = 0
configure:3133: gcc -v >&5
Using built-in specs.
COLLECT_GCC=gcc
COLLECT_LTO_WRAPPER=/usr/lib/gcc/x86_64-linux-gnu/7/lto-wrapper
OFFLOAD_TARGET_NAMES=nvptx-none
OFFLOAD_TARGET_DEFAULT=1
Target: x86_64-linux-gnu
Configured with: ../src/configure -v --with-pkgversion='Ubuntu 7.5.0-3ubuntu1~18.04' --with-bugurl=file:///usr/share/doc/gcc-7/README.Bugs --enable-languages=c,ada,c++,go,brig,d,fortran,objc,obj-c++ --prefix=/usr --with-gcc-major-version-only --program-suffix=-7 --program-prefix=x86_64-linux-gnu- --enable-shared --enable-linker-build-id --libexecdir=/usr/lib --without-included-gettext --enable-threads=posix --libdir=/usr/lib --enable-nls --enable-bootstrap --enable-clocale=gnu --enable-libstdcxx-debug --enable-libstdcxx-time=yes --with-default-libstdcxx-abi=new --enable-gnu-unique-object --disable-vtable-verify --enable-libmpx --enable-plugin --enable-default-pie --with-system-zlib --with-target-system-zlib --enable-objc-gc=auto --enable-multiarch --disable-werror --with-arch-32=i686 --with-abi=m64 --with-multilib-list=m32,m64,mx32 --enable-multilib --with-tune=generic --enable-offload-targets=nvptx-none --without-cuda-driver --enable-checking=release --build=x86_64-linux-gnu --host=x86_64-linux-gnu --target=x86_64-linux-gnu
Thread model: posix
gcc version 7.5.0 (Ubuntu 7.5.0-3ubuntu1~18.04) 
configure:3144: $? = 0
configure:3133: gcc -V >&5
gcc: error: unrecognized command line option '-V'
gcc: fatal error: no input files
compilation terminated.
configure:3144: $? = 1
configure:3133: gcc -qversion >&5
gcc: error: unrecognized command line option '-qversion'; did you mean '--version'?
gcc: fatal error: no input files
compilation terminated.
configure:3144: $? = 1
configure:3164: checking whether the C compiler works
configure:3186: gcc    conftest.c  >&5
configure:3190: $? = 0
configure:3238: result: yes
configure:3241: checking for C compiler default output file name
configure:3243: result: a.out
configure:3249: checking for suffix of executables
configure:3256: gcc -o conftest    conftest.c  >&5
configure:3260: $? = 0
configure:3282: result: 
configure:3304: checking whether we are cross compiling
configure:3312: gcc -o conftest    conftest.c  >&5
configure:3316: $? = 0
configure:3323: ./conftest
configure:3327: $? = 0
configure:3342: result: no
configure:3347: checking for suffix of object files
configure:3369: gcc -c   conftest.c >&5
configure:3373: $? = 0
configure:3394: result: o
configure:3398: checking whether we are using the GNU C compiler
configure:3417: gcc -c   conftest.c >&5
configure:3417: $? = 0
configure:3426: result: yes
configure:3435: checking whether gcc accepts -g
configure:3455: gcc -c -g  conftest.c >&5
configure:3455: $? = 0
configure:3496: result: yes
configure:3513: checking for gcc option to accept ISO C89
configure:3576: gcc  -c -g -O2  conftest.c >&5
configure:3576: $? = 0
configure:3589: result: none needed
configure:3614: checking whether gcc understands -c and -o together
configure:3636: gcc -c conftest.c -o conftest2.o
configure:3639: $? = 0
configure:3636: gcc -c conftest.c -o conftest2.o
configure:3639: $? = 0
configure:3651: result: yes
configure:3670: checking dependency style of gcc
configure:3781: result: gcc3
configure:3846: checking for ar
configure:3862: found /usr/bin/ar
configure:3873: result: ar
configure:3899: checking the archiver (ar) interface
configure:3915: gcc -c -g -O2  conftest.c >&5
configure:3915: $? = 0
configure:3917: ar cru libconftest.a conftest.o >&5
ar: `u' modifier ignored since `D' is the default (see `U')
configure:3920: $? = 0
configure:3948: result: ar
configure:3976: checking build system type
configure:3990: result: x86_64-unknown-linux-gnu
configure:4010: checking host system type
configure:4023: result: x86_64-unknown-linux-gnu
configure:4126: checking how to print strings
configure:4153: result: printf
configure:4174: checking for a sed that does not truncate output
configure:4238: result: /bin/sed
configure:4256: checking for grep that handles long lines and -e
configure:4314: result: /bin/grep
configure:4319: checking for egrep
configure:4381: result: /bin/grep -E
configure:4386: checking for fgrep
configure:4448: result: /bin/grep -F
configure:4483: checking for ld used by gcc
configure:4550: result: /usr/bin/ld
configure:4557: checking if the linker (/usr/bin/ld) is GNU ld
configure:4572: result: yes
configure:4584: checking for BSD- or MS-compatible name lister (nm)
configure:4633: result: /usr/bin/nm -B
configure:4763: checking the name lister (/usr/bin/nm -B) interface
configure:4770: gcc -c -g -O2  conftest.c >&5
configure:4773: /usr/bin/nm -B "conftest.o"
configure:4776: output
0000000000000000 B some_variable
configure:4783: result: BSD nm
configure:4786: checking whether ln -s works
configure:4790: result: yes
configure:4798: checking the maximum length of command line arguments
configure:4929: result: 1572864
configure:4946: checking whether the shell understands some XSI constructs
configure:4956: result: yes
configure:4960: checking whether the shell understands "+="
configure:4966: result: yes
configure:5001: checking how to convert x86_64-unknown-linux-gnu file names to x86_64-unknown-linux-gnu format
configure:5041: result: func_convert_file_noop
configure:5048: checking how to convert x86_64-unknown-linux-gnu file names to toolchain format
configure:5068: result: func_convert_file_noop
configure:5075: checking for /usr/bin/ld option to reload object files
configure:5082: result: -r
configure:5156: checking for objdump
configure:5172: found /usr/bin/objdump
configure:5183: result: objdump
configure:5215: checking how to recognize dependent libraries
configure:5413: result: pass_all
configure:5498: checking for dlltool
configure:5528: result: no
configure:5558: checking how to associate runtime and link libraries
configure:5585: result: printf %s\n
configure:5709: checking for archiver @FILE support
configure:5726: gcc -c -g -O2  conftest.c >&5
configure:5726: $? = 0
configure:5729: ar cru libconftest.a @conftest.lst >&5
ar: `u' modifier ignored since `D' is the default (see `U')
configure:5732: $? = 0
configure:5737: ar cru libconftest.a @conftest.lst >&5
ar: `u' modifier ignored since `D' is the default (see `U')
ar: conftest.o: No such file or directory
configure:5740: $? = 1
configure:5752: result: @
configure:5810: checking for strip
configure:5826: found /usr/bin/strip
configure:5837: result: strip
configure:5909: checking for ranlib
configure:5925: found /usr/bin/ranlib
configure:5936: result: ranlib
configure:6038: checking command to parse /usr/bin/nm -B output from gcc object
configure:6158: gcc -c -g -O2  conftest.c >&5
configure:6161: $? = 0
configure:6165: /usr/bin/nm -B conftest.o \| sed -n -e 's/^.*[ ]\([ABCDGIRSTW][ABCDGIRSTW]*\)[ ][ ]*\([_A-Za-z][_A-Za-z0-9]*\)$/\1 \2 \2/p' | sed '/ __gnu_lto/d' \> conftest.nm
configure:6168: $? = 0
configure:6234: gcc -o conftest -g -O2   conftest.c conftstm.o >&5
configure:6237: $? = 0
configure:6275: result: ok
configure:6312: checking for sysroot
configure:6342: result: no
configure:6419: gcc -c -g -O2  conftest.c >&5
configure:6422: $? = 0
configure:6611: checking for mt
configure:6627: found /bin/mt
configure:6638: result: mt
configure:6661: checking if mt is a manifest tool
configure:6667: mt '-?'
configure:6675: result: no
configure:7317: checking how to run the C preprocessor
configure:7348: gcc -E  conftest.c
configure:7348: $? = 0
configure:7362: gcc -E  conftest.c
conftest.c:14:10: fatal error: ac_nonexistent.h: No such file or directory
 #include <ac_nonexistent.h>
          ^~~~~~~~~~~~~~~~~~
compilation terminated.
configure:7362: $? = 1
configure: failed program was:
| /* confdefs.h */
| #define PACKAGE_NAME "phidget22 C Library"
| #define PACKAGE_TARNAME "libphidget22"
| #define PACKAGE_VERSION "1.6.20201117"
| #define PACKAGE_STRING "phidget22 C Library 1.6.20201117"
| #define PACKAGE_BUGREPORT "support@phidgets.com"
| #define PACKAGE_URL "www.phidgets.com"
| #define PACKAGE "libphidget22"
| #define VERSION "1.6.20201117"
| #define P22_LIB_VERSION "1.6.20201117"
| #define _HOST_CPU x86_64
| #define _MACHINE x86_64
| /* end confdefs.h.  */
| #include <ac_nonexistent.h>
configure:7387: result: gcc -E
configure:7407: gcc -E  conftest.c
configure:7407: $? = 0
configure:7421: gcc -E  conftest.c
conftest.c:14:10: fatal error: ac_nonexistent.h: No such file or directory
 #include <ac_nonexistent.h>
          ^~~~~~~~~~~~~~~~~~
compilation terminated.
configure:7421: $? = 1
configure: failed program was:
| /* confdefs.h */
| #define PACKAGE_NAME "phidget22 C Library"
| #define PACKAGE_TARNAME "libphidget22"
| #define PACKAGE_VERSION "1.6.20201117"
| #define PACKAGE_STRING "phidget22 C Library 1.6.20201117"
| #define PACKAGE_BUGREPORT "support@phidgets.com"
| #define PACKAGE_URL "www.phidgets.com"
| #define PACKAGE "libphidget22"
| #define VERSION "1.6.20201117"
| #define P22_LIB_VERSION "1.6.20201117"
| #define _HOST_CPU x86_64
| #define _MACHINE x86_64
| /* end confdefs.h.  */
| #include <ac_nonexistent.h>
configure:7450: checking for ANSI C header files
configure:7470: gcc -c -g -O2  conftest.c >&5
configure:7470: $? = 0
configure:7543: gcc -o conftest -g -O2   conftest.c  >&5
configure:7543: $? = 0
configure:7543: ./conftest
configure:7543: $? = 0
configure:7554: result: yes
configure:7567: checking for sys/types.h
configure:7567: gcc -c -g -O2  conftest.c >&5
configure:7567: $? = 0
configure:7567: result: yes
configure:7567: checking for sys/stat.h
configure:7567: gcc -c -g -O2  conftest.c >&5
configure:7567: $? = 0
configure:7567: result: yes
configure:7567: checking for stdlib.h
configure:7567: gcc -c -g -O2  conftest.c >&5
configure:7567: $? = 0
configure:7567: result: yes
configure:7567: checking for string.h
configure:7567: gcc -c -g -O2  conftest.c >&5
configure:7567: $? = 0
configure:7567: result: yes
configure:7567: checking for memory.h
configure:7567: gcc -c -g -O2  conftest.c >&5
configure:7567: $? = 0
configure:7567: result: yes
configure:7567: checking for strings.h
configure:7567: gcc -c -g -O2  conftest.c >&5
configure:7567: $? = 0
configure:7567: result: yes
configure:7567: checking for inttypes.h
configure:7567: gcc -c -g -O2  conftest.c >&5
configure:7567: $? = 0
configure:7567: result: yes
configure:7567: checking for stdint.h
configure:7567: gcc -c -g -O2  conftest.c >&5
configure:7567: $? = 0
configure:7567: result: yes
configure:7567: checking for unistd.h
configure:7567: gcc -c -g -O2  conftest.c >&5
configure:7567: $? = 0
configure:7567: result: yes
configure:7581: checking for dlfcn.h
configure:7581: gcc -c -g -O2  conftest.c >&5
configure:7581: $? = 0
configure:7581: result: yes
configure:7787: checking for objdir
configure:7802: result: .libs
configure:8073: checking if gcc supports -fno-rtti -fno-exceptions
configure:8091: gcc -c -g -O2  -fno-rtti -fno-exceptions conftest.c >&5
cc1: warning: command line option '-fno-rtti' is valid for C++/ObjC++ but not for C
configure:8095: $? = 0
configure:8108: result: no
configure:8435: checking for gcc option to produce PIC
configure:8442: result: -fPIC -DPIC
configure:8450: checking if gcc PIC flag -fPIC -DPIC works
configure:8468: gcc -c -g -O2  -fPIC -DPIC -DPIC conftest.c >&5
configure:8472: $? = 0
configure:8485: result: yes
configure:8514: checking if gcc static flag -static works
configure:8542: result: yes
configure:8557: checking if gcc supports -c -o file.o
configure:8578: gcc -c -g -O2  -o out/conftest2.o conftest.c >&5
configure:8582: $? = 0
configure:8604: result: yes
configure:8612: checking if gcc supports -c -o file.o
configure:8659: result: yes
configure:8692: checking whether the gcc linker (/usr/bin/ld -m elf_x86_64) supports shared libraries
configure:9849: result: yes
configure:9886: checking whether -lc should be explicitly linked in
configure:9894: gcc -c -g -O2  conftest.c >&5
configure:9897: $? = 0
configure:9912: gcc -shared  -fPIC -DPIC conftest.o  -v -Wl,-soname -Wl,conftest -o conftest 2\>\&1 \| /bin/grep  -lc  \>/dev/null 2\>\&1
configure:9915: $? = 0
configure:9929: result: no
configure:10089: checking dynamic linker characteristics
configure:10589: gcc -o conftest -g -O2   -Wl,-rpath -Wl,/foo conftest.c  >&5
configure:10589: $? = 0
configure:10823: result: GNU/Linux ld.so
configure:10930: checking how to hardcode library paths into programs
configure:10955: result: immediate
configure:11495: checking whether stripping libraries is possible
configure:11500: result: yes
configure:11535: checking if libtool supports shared libraries
configure:11537: result: yes
configure:11540: checking whether to build shared libraries
configure:11561: result: yes
configure:11564: checking whether to build static libraries
configure:11568: result: yes
configure:11617: checking whether make supports nested variables
configure:11634: result: yes
configure:11649: checking for gcc option to accept ISO C99
configure:11798: gcc  -c -g -O2  conftest.c >&5
configure:11798: $? = 0
configure:11811: result: none needed
configure:11831: checking whether byte ordering is bigendian
configure:11846: gcc -c -g -O2  conftest.c >&5
conftest.c:27:9: error: unknown type name 'not'
         not a universal capable compiler
         ^~~
conftest.c:27:15: error: expected '=', ',', ';', 'asm' or '__attribute__' before 'universal'
         not a universal capable compiler
               ^~~~~~~~~
conftest.c:27:15: error: unknown type name 'universal'
configure:11846: $? = 1
configure: failed program was:
| /* confdefs.h */
| #define PACKAGE_NAME "phidget22 C Library"
| #define PACKAGE_TARNAME "libphidget22"
| #define PACKAGE_VERSION "1.6.20201117"
| #define PACKAGE_STRING "phidget22 C Library 1.6.20201117"
| #define PACKAGE_BUGREPORT "support@phidgets.com"
| #define PACKAGE_URL "www.phidgets.com"
| #define PACKAGE "libphidget22"
| #define VERSION "1.6.20201117"
| #define P22_LIB_VERSION "1.6.20201117"
| #define _HOST_CPU x86_64
| #define _MACHINE x86_64
| #define STDC_HEADERS 1
| #define HAVE_SYS_TYPES_H 1
| #define HAVE_SYS_STAT_H 1
| #define HAVE_STDLIB_H 1
| #define HAVE_STRING_H 1
| #define HAVE_MEMORY_H 1
| #define HAVE_STRINGS_H 1
| #define HAVE_INTTYPES_H 1
| #define HAVE_STDINT_H 1
| #define HAVE_UNISTD_H 1
| #define HAVE_DLFCN_H 1
| #define LT_OBJDIR ".libs/"
| /* end confdefs.h.  */
| #ifndef __APPLE_CC__
| 	       not a universal capable compiler
| 	     #endif
| 	     typedef int dummy;
| 
configure:11891: gcc -c -g -O2  conftest.c >&5
configure:11891: $? = 0
configure:11909: gcc -c -g -O2  conftest.c >&5
conftest.c: In function 'main':
conftest.c:33:4: error: unknown type name 'not'; did you mean 'ino_t'?
    not big endian
    ^~~
    ino_t
conftest.c:33:12: error: expected '=', ',', ';', 'asm' or '__attribute__' before 'endian'
    not big endian
            ^~~~~~
configure:11909: $? = 1
configure: failed program was:
| /* confdefs.h */
| #define PACKAGE_NAME "phidget22 C Library"
| #define PACKAGE_TARNAME "libphidget22"
| #define PACKAGE_VERSION "1.6.20201117"
| #define PACKAGE_STRING "phidget22 C Library 1.6.20201117"
| #define PACKAGE_BUGREPORT "support@phidgets.com"
| #define PACKAGE_URL "www.phidgets.com"
| #define PACKAGE "libphidget22"
| #define VERSION "1.6.20201117"
| #define P22_LIB_VERSION "1.6.20201117"
| #define _HOST_CPU x86_64
| #define _MACHINE x86_64
| #define STDC_HEADERS 1
| #define HAVE_SYS_TYPES_H 1
| #define HAVE_SYS_STAT_H 1
| #define HAVE_STDLIB_H 1
| #define HAVE_STRING_H 1
| #define HAVE_MEMORY_H 1
| #define HAVE_STRINGS_H 1
| #define HAVE_INTTYPES_H 1
| #define HAVE_STDINT_H 1
| #define HAVE_UNISTD_H 1
| #define HAVE_DLFCN_H 1
| #define LT_OBJDIR ".libs/"
| /* end confdefs.h.  */
| #include <sys/types.h>
| 		#include <sys/param.h>
| 
| int
| main ()
| {
| #if BYTE_ORDER != BIG_ENDIAN
| 		 not big endian
| 		#endif
| 
|   ;
|   return 0;
| }
configure:12037: result: no
configure:12062: checking for ldconfig
configure:12080: found /sbin/ldconfig
configure:12093: result: /sbin/ldconfig
configure:12105: checking for library containing dlopen
configure:12136: gcc -o conftest -g -O2   conftest.c  >&5
/tmp/ccKmxwn6.o: In function `main':
/home/christoph/catkin_ws/src/motor_controller/libphidget22/conftest.c:38: undefined reference to `dlopen'
collect2: error: ld returned 1 exit status
configure:12136: $? = 1
configure: failed program was:
| /* confdefs.h */
| #define PACKAGE_NAME "phidget22 C Library"
| #define PACKAGE_TARNAME "libphidget22"
| #define PACKAGE_VERSION "1.6.20201117"
| #define PACKAGE_STRING "phidget22 C Library 1.6.20201117"
| #define PACKAGE_BUGREPORT "support@phidgets.com"
| #define PACKAGE_URL "www.phidgets.com"
| #define PACKAGE "libphidget22"
| #define VERSION "1.6.20201117"
| #define P22_LIB_VERSION "1.6.20201117"
| #define _HOST_CPU x86_64
| #define _MACHINE x86_64
| #define STDC_HEADERS 1
| #define HAVE_SYS_TYPES_H 1
| #define HAVE_SYS_STAT_H 1
| #define HAVE_STDLIB_H 1
| #define HAVE_STRING_H 1
| #define HAVE_MEMORY_H 1
| #define HAVE_STRINGS_H 1
| #define HAVE_INTTYPES_H 1
| #define HAVE_STDINT_H 1
| #define HAVE_UNISTD_H 1
| #define HAVE_DLFCN_H 1
| #define LT_OBJDIR ".libs/"
| #define MOS_BYTE_ORDER MOS_LITTLE_ENDIAN
| /* end confdefs.h.  */
| 
| /* Override any GCC internal prototype to avoid an error.
|    Use char because int might match the return type of a GCC
|    builtin and then its argument prototype would still apply.  */
| #ifdef __cplusplus
| extern "C"
| #endif
| char dlopen ();
| int
| main ()
| {
| return dlopen ();
|   ;
|   return 0;
| }
configure:12136: gcc -o conftest -g -O2   conftest.c -ldl   >&5
configure:12136: $? = 0
configure:12153: result: -ldl
configure:12163: checking for library containing sqrt
configure:12194: gcc -o conftest -g -O2   conftest.c -ldl  >&5
conftest.c:34:6: warning: conflicting types for built-in function 'sqrt' [-Wbuiltin-declaration-mismatch]
 char sqrt ();
      ^~~~
/tmp/ccvrWV67.o: In function `main':
/home/christoph/catkin_ws/src/motor_controller/libphidget22/conftest.c:38: undefined reference to `sqrt'
collect2: error: ld returned 1 exit status
configure:12194: $? = 1
configure: failed program was:
| /* confdefs.h */
| #define PACKAGE_NAME "phidget22 C Library"
| #define PACKAGE_TARNAME "libphidget22"
| #define PACKAGE_VERSION "1.6.20201117"
| #define PACKAGE_STRING "phidget22 C Library 1.6.20201117"
| #define PACKAGE_BUGREPORT "support@phidgets.com"
| #define PACKAGE_URL "www.phidgets.com"
| #define PACKAGE "libphidget22"
| #define VERSION "1.6.20201117"
| #define P22_LIB_VERSION "1.6.20201117"
| #define _HOST_CPU x86_64
| #define _MACHINE x86_64
| #define STDC_HEADERS 1
| #define HAVE_SYS_TYPES_H 1
| #define HAVE_SYS_STAT_H 1
| #define HAVE_STDLIB_H 1
| #define HAVE_STRING_H 1
| #define HAVE_MEMORY_H 1
| #define HAVE_STRINGS_H 1
| #define HAVE_INTTYPES_H 1
| #define HAVE_STDINT_H 1
| #define HAVE_UNISTD_H 1
| #define HAVE_DLFCN_H 1
| #define LT_OBJDIR ".libs/"
| #define MOS_BYTE_ORDER MOS_LITTLE_ENDIAN
| /* end confdefs.h.  */
| 
| /* Override any GCC internal prototype to avoid an error.
|    Use char because int might match the return type of a GCC
|    builtin and then its argument prototype would still apply.  */
| #ifdef __cplusplus
| extern "C"
| #endif
| char sqrt ();
| int
| main ()
| {
| return sqrt ();
|   ;
|   return 0;
| }
configure:12194: gcc -o conftest -g -O2   conftest.c -lm  -ldl  >&5
conftest.c:34:6: warning: conflicting types for built-in function 'sqrt' [-Wbuiltin-declaration-mismatch]
 char sqrt ();
      ^~~~
configure:12194: $? = 0
configure:12211: result: -lm
configure:12221: checking for library containing pthread_create
configure:12252: gcc -o conftest -g -O2   conftest.c -lm -ldl  >&5
/tmp/ccna10Pc.o: In function `main':
/home/christoph/catkin_ws/src/motor_controller/libphidget22/conftest.c:38: undefined reference to `pthread_create'
collect2: error: ld returned 1 exit status
configure:12252: $? = 1
configure: failed program was:
| /* confdefs.h */
| #define PACKAGE_NAME "phidget22 C Library"
| #define PACKAGE_TARNAME "libphidget22"
| #define PACKAGE_VERSION "1.6.20201117"
| #define PACKAGE_STRING "phidget22 C Library 1.6.20201117"
| #define PACKAGE_BUGREPORT "support@phidgets.com"
| #define PACKAGE_URL "www.phidgets.com"
| #define PACKAGE "libphidget22"
| #define VERSION "1.6.20201117"
| #define P22_LIB_VERSION "1.6.20201117"
| #define _HOST_CPU x86_64
| #define _MACHINE x86_64
| #define STDC_HEADERS 1
| #define HAVE_SYS_TYPES_H 1
| #define HAVE_SYS_STAT_H 1
| #define HAVE_STDLIB_H 1
| #define HAVE_STRING_H 1
| #define HAVE_MEMORY_H 1
| #define HAVE_STRINGS_H 1
| #define HAVE_INTTYPES_H 1
| #define HAVE_STDINT_H 1
| #define HAVE_UNISTD_H 1
| #define HAVE_DLFCN_H 1
| #define LT_OBJDIR ".libs/"
| #define MOS_BYTE_ORDER MOS_LITTLE_ENDIAN
| /* end confdefs.h.  */
| 
| /* Override any GCC internal prototype to avoid an error.
|    Use char because int might match the return type of a GCC
|    builtin and then its argument prototype would still apply.  */
| #ifdef __cplusplus
| extern "C"
| #endif
| char pthread_create ();
| int
| main ()
| {
| return pthread_create ();
|   ;
|   return 0;
| }
configure:12252: gcc -o conftest -g -O2   conftest.c -lpthread  -lm -ldl  >&5
configure:12252: $? = 0
configure:12269: result: -lpthread
configure:12280: checking for library containing libusb_init
configure:12311: gcc -o conftest -g -O2   conftest.c -lpthread -lm -ldl  >&5
/tmp/ccSx5S6i.o: In function `main':
/home/christoph/catkin_ws/src/motor_controller/libphidget22/conftest.c:39: undefined reference to `libusb_init'
collect2: error: ld returned 1 exit status
configure:12311: $? = 1
configure: failed program was:
| /* confdefs.h */
| #define PACKAGE_NAME "phidget22 C Library"
| #define PACKAGE_TARNAME "libphidget22"
| #define PACKAGE_VERSION "1.6.20201117"
| #define PACKAGE_STRING "phidget22 C Library 1.6.20201117"
| #define PACKAGE_BUGREPORT "support@phidgets.com"
| #define PACKAGE_URL "www.phidgets.com"
| #define PACKAGE "libphidget22"
| #define VERSION "1.6.20201117"
| #define P22_LIB_VERSION "1.6.20201117"
| #define _HOST_CPU x86_64
| #define _MACHINE x86_64
| #define STDC_HEADERS 1
| #define HAVE_SYS_TYPES_H 1
| #define HAVE_SYS_STAT_H 1
| #define HAVE_STDLIB_H 1
| #define HAVE_STRING_H 1
| #define HAVE_MEMORY_H 1
| #define HAVE_STRINGS_H 1
| #define HAVE_INTTYPES_H 1
| #define HAVE_STDINT_H 1
| #define HAVE_UNISTD_H 1
| #define HAVE_DLFCN_H 1
| #define LT_OBJDIR ".libs/"
| #define MOS_BYTE_ORDER MOS_LITTLE_ENDIAN
| #define _MOS_PTHREADS 1
| /* end confdefs.h.  */
| 
| /* Override any GCC internal prototype to avoid an error.
|    Use char because int might match the return type of a GCC
|    builtin and then its argument prototype would still apply.  */
| #ifdef __cplusplus
| extern "C"
| #endif
| char libusb_init ();
| int
| main ()
| {
| return libusb_init ();
|   ;
|   return 0;
| }
configure:12311: gcc -o conftest -g -O2   conftest.c -lusb-1.0  -lpthread -lm -ldl  >&5
configure:12311: $? = 0
configure:12328: result: -lusb-1.0
configure:12649: checking for newlocale in xlocale.h
configure:12664: gcc -c -g -O2  conftest.c >&5
conftest.c:34:14: fatal error: xlocale.h: No such file or directory
     #include <xlocale.h>
              ^~~~~~~~~~~
compilation terminated.
configure:12664: $? = 1
configure: failed program was:
| /* confdefs.h */
| #define PACKAGE_NAME "phidget22 C Library"
| #define PACKAGE_TARNAME "libphidget22"
| #define PACKAGE_VERSION "1.6.20201117"
| #define PACKAGE_STRING "phidget22 C Library 1.6.20201117"
| #define PACKAGE_BUGREPORT "support@phidgets.com"
| #define PACKAGE_URL "www.phidgets.com"
| #define PACKAGE "libphidget22"
| #define VERSION "1.6.20201117"
| #define P22_LIB_VERSION "1.6.20201117"
| #define _HOST_CPU x86_64
| #define _MACHINE x86_64
| #define STDC_HEADERS 1
| #define HAVE_SYS_TYPES_H 1
| #define HAVE_SYS_STAT_H 1
| #define HAVE_STDLIB_H 1
| #define HAVE_STRING_H 1
| #define HAVE_MEMORY_H 1
| #define HAVE_STRINGS_H 1
| #define HAVE_INTTYPES_H 1
| #define HAVE_STDINT_H 1
| #define HAVE_UNISTD_H 1
| #define HAVE_DLFCN_H 1
| #define LT_OBJDIR ".libs/"
| #define MOS_BYTE_ORDER MOS_LITTLE_ENDIAN
| #define _MOS_PTHREADS 1
| #define UNIX 1
| #define _LINUX 1
| #define Linux 1
| #define LIBUSB_ASYNC 1
| #define NDEBUG 1
| /* end confdefs.h.  */
| 
|     #include <xlocale.h>
| 
| int
| main ()
| {
| newlocale(LC_ALL_MASK, "C", NULL)
|   ;
|   return 0;
| }
configure:12677: result: no
configure:12679: checking for newlocale in locale.h
configure:12696: gcc -c -g -O2  conftest.c >&5
configure:12696: $? = 0
configure:12706: result: yes
configure:12885: checking that generated files are newer than configure
configure:12891: result: done
configure:12927: creating ./config.status

## ---------------- ##
## Cache variables. ##
## ---------------- ##

ac_cv_build=x86_64-unknown-linux-gnu
ac_cv_c_bigendian=no
ac_cv_c_compiler_gnu=yes
ac_cv_env_CC_set=
ac_cv_env_CC_value=
ac_cv_env_CFLAGS_set=
ac_cv_env_CFLAGS_value=
ac_cv_env_CPPFLAGS_set=
ac_cv_env_CPPFLAGS_value=
ac_cv_env_CPP_set=
ac_cv_env_CPP_value=
ac_cv_env_LDCONFIG_set=
ac_cv_env_LDCONFIG_value=
ac_cv_env_LDFLAGS_set=
ac_cv_env_LDFLAGS_value=
ac_cv_env_LIBS_set=
ac_cv_env_LIBS_value=
ac_cv_env_build_alias_set=
ac_cv_env_build_alias_value=
ac_cv_env_host_alias_set=
ac_cv_env_host_alias_value=
ac_cv_env_target_alias_set=
ac_cv_env_target_alias_value=
ac_cv_header_dlfcn_h=yes
ac_cv_header_inttypes_h=yes
ac_cv_header_memory_h=yes
ac_cv_header_stdc=yes
ac_cv_header_stdint_h=yes
ac_cv_header_stdlib_h=yes
ac_cv_header_string_h=yes
ac_cv_header_strings_h=yes
ac_cv_header_sys_stat_h=yes
ac_cv_header_sys_types_h=yes
ac_cv_header_unistd_h=yes
ac_cv_host=x86_64-unknown-linux-gnu
ac_cv_objext=o
ac_cv_path_EGREP='/bin/grep -E'
ac_cv_path_FGREP='/bin/grep -F'
ac_cv_path_GREP=/bin/grep
ac_cv_path_LDCONFIG=/sbin/ldconfig
ac_cv_path_SED=/bin/sed
ac_cv_path_install='/usr/bin/install -c'
ac_cv_path_mkdir=/bin/mkdir
ac_cv_prog_AWK=mawk
ac_cv_prog_CPP='gcc -E'
ac_cv_prog_ac_ct_AR=ar
ac_cv_prog_ac_ct_CC=gcc
ac_cv_prog_ac_ct_MANIFEST_TOOL=mt
ac_cv_prog_ac_ct_OBJDUMP=objdump
ac_cv_prog_ac_ct_RANLIB=ranlib
ac_cv_prog_ac_ct_STRIP=strip
ac_cv_prog_cc_c89=
ac_cv_prog_cc_c99=
ac_cv_prog_cc_g=yes
ac_cv_prog_make_make_set=yes
ac_cv_search_dlopen=-ldl
ac_cv_search_libusb_init=-lusb-1.0
ac_cv_search_pthread_create=-lpthread
ac_cv_search_sqrt=-lm
am_cv_CC_dependencies_compiler_type=gcc3
am_cv_ar_interface=ar
am_cv_make_support_nested_variables=yes
am_cv_prog_cc_c_o=yes
lt_cv_ar_at_file=@
lt_cv_archive_cmds_need_lc=no
lt_cv_deplibs_check_method=pass_all
lt_cv_file_magic_cmd='$MAGIC_CMD'
lt_cv_file_magic_test_file=
lt_cv_ld_reload_flag=-r
lt_cv_nm_interface='BSD nm'
lt_cv_objdir=.libs
lt_cv_path_LD=/usr/bin/ld
lt_cv_path_NM='/usr/bin/nm -B'
lt_cv_path_mainfest_tool=no
lt_cv_prog_compiler_c_o=yes
lt_cv_prog_compiler_pic='-fPIC -DPIC'
lt_cv_prog_compiler_pic_works=yes
lt_cv_prog_compiler_rtti_exceptions=no
lt_cv_prog_compiler_static_works=yes
lt_cv_prog_gnu_ld=yes
lt_cv_sharedlib_from_linklib_cmd='printf %s\n'
lt_cv_shlibpath_overrides_runpath=yes
lt_cv_sys_global_symbol_pipe='sed -n -e '\''s/^.*[	 ]\([ABCDGIRSTW][ABCDGIRSTW]*\)[	 ][	 ]*\([_A-Za-z][_A-Za-z0-9]*\)$/\1 \2 \2/p'\'' | sed '\''/ __gnu_lto/d'\'''
lt_cv_sys_global_symbol_to_c_name_address='sed -n -e '\''s/^: \([^ ]*\)[ ]*$/  {\"\1\", (void *) 0},/p'\'' -e '\''s/^[ABCDGIRSTW]* \([^ ]*\) \([^ ]*\)$/  {"\2", (void *) \&\2},/p'\'''
lt_cv_sys_global_symbol_to_c_name_address_lib_prefix='sed -n -e '\''s/^: \([^ ]*\)[ ]*$/  {\"\1\", (void *) 0},/p'\'' -e '\''s/^[ABCDGIRSTW]* \([^ ]*\) \(lib[^ ]*\)$/  {"\2", (void *) \&\2},/p'\'' -e '\''s/^[ABCDGIRSTW]* \([^ ]*\) \([^ ]*\)$/  {"lib\2", (void *) \&\2},/p'\'''
lt_cv_sys_global_symbol_to_cdecl='sed -n -e '\''s/^T .* \(.*\)$/extern int \1();/p'\'' -e '\''s/^[ABCDGIRSTW]* .* \(.*\)$/extern char \1;/p'\'''
lt_cv_sys_max_cmd_len=1572864
lt_cv_to_host_file_cmd=func_convert_file_noop
lt_cv_to_tool_file_cmd=func_convert_file_noop

## ----------------- ##
## Output variables. ##
## ----------------- ##

ACLOCAL='${SHELL} /home/christoph/catkin_ws/src/motor_controller/libphidget22/build/missing aclocal-1.15'
AMDEPBACKSLASH='\'
AMDEP_FALSE='#'
AMDEP_TRUE=''
AMTAR='$${TAR-tar}'
AM_BACKSLASH='\'
AM_DEFAULT_V='$(AM_DEFAULT_VERBOSITY)'
AM_DEFAULT_VERBOSITY='0'
AM_V='$(V)'
AR='ar'
AUTOCONF='${SHELL} /home/christoph/catkin_ws/src/motor_controller/libphidget22/build/missing autoconf'
AUTOHEADER='${SHELL} /home/christoph/catkin_ws/src/motor_controller/libphidget22/build/missing autoheader'
AUTOMAKE='${SHELL} /home/christoph/catkin_ws/src/motor_controller/libphidget22/build/missing automake-1.15'
AWK='mawk'
CC='gcc'
CCDEPMODE='depmode=gcc3'
CFLAGS='-g -O2'
CPP='gcc -E'
CPPFLAGS=''
CYGPATH_W='echo'
DEFS='-DPACKAGE_NAME=\"phidget22\ C\ Library\" -DPACKAGE_TARNAME=\"libphidget22\" -DPACKAGE_VERSION=\"1.6.20201117\" -DPACKAGE_STRING=\"phidget22\ C\ Library\ 1.6.20201117\" -DPACKAGE_BUGREPORT=\"support@phidgets.com\" -DPACKAGE_URL=\"www.phidgets.com\" -DPACKAGE=\"libphidget22\" -DVERSION=\"1.6.20201117\" -DP22_LIB_VERSION=\"1.6.20201117\" -D_HOST_CPU=x86_64 -D_MACHINE=x86_64 -DSTDC_HEADERS=1 -DHAVE_SYS_TYPES_H=1 -DHAVE_SYS_STAT_H=1 -DHAVE_STDLIB_H=1 -DHAVE_STRING_H=1 -DHAVE_MEMORY_H=1 -DHAVE_STRINGS_H=1 -DHAVE_INTTYPES_H=1 -DHAVE_STDINT_H=1 -DHAVE_UNISTD_H=1 -DHAVE_DLFCN_H=1 -DLT_OBJDIR=\".libs/\" -DMOS_BYTE_ORDER=MOS_LITTLE_ENDIAN -D_MOS_PTHREADS=1 -DUNIX=1 -D_LINUX=1 -DLinux=1 -DLIBUSB_ASYNC=1 -DNDEBUG=1 -DTHREAD_LOCALE_LOCALE_H=1'
DEPDIR='.deps'
DLLTOOL='false'
DSYMUTIL=''
DUMPBIN=''
ECHO_C=''
ECHO_N='-n'
ECHO_T=''
EGREP='/bin/grep -E'
EXEEXT=''
FGREP='/bin/grep -F'
GREP='/bin/grep'
INSTALL_DATA='${INSTALL} -m 644'
INSTALL_PROGRAM='${INSTALL}'
INSTALL_SCRIPT='${INSTALL}'
INSTALL_STRIP_PROGRAM='$(install_sh) -c -s'
LABVIEW_FALSE=''
LABVIEW_TRUE='#'
LD='/usr/bin/ld -m elf_x86_64'
LDCONFIG='/sbin/ldconfig'
LDFLAGS=''
LIBOBJS=''
LIBS='-lusb-1.0 -lpthread -lm -ldl '
LIBTOOL='$(SHELL) $(top_builddir)/libtool'
LIPO=''
LN_S='ln -s'
LTLIBOBJS=''
MAKEINFO='${SHELL} /home/christoph/catkin_ws/src/motor_controller/libphidget22/build/missing makeinfo'
MANIFEST_TOOL=':'
MKDIR_P='/bin/mkdir -p'
NM='/usr/bin/nm -B'
NMEDIT=''
OBJDUMP='objdump'
OBJEXT='o'
OS='Linux'
OTOOL64=''
OTOOL=''
PACKAGE='libphidget22'
PACKAGE_BUGREPORT='support@phidgets.com'
PACKAGE_NAME='phidget22 C Library'
PACKAGE_STRING='phidget22 C Library 1.6.20201117'
PACKAGE_TARNAME='libphidget22'
PACKAGE_URL='www.phidgets.com'
PACKAGE_VERSION='1.6.20201117'
PATH_SEPARATOR=':'
RANLIB='ranlib'
RUN_LDCONFIG_FALSE='#'
RUN_LDCONFIG_TRUE=''
SED='/bin/sed'
SET_MAKE=''
SHELL='/bin/bash'
SPI_FALSE=''
SPI_TRUE='#'
STRIP='strip'
VERSION='1.6.20201117'
ac_ct_AR='ar'
ac_ct_CC='gcc'
ac_ct_DUMPBIN=''
am__EXEEXT_FALSE=''
am__EXEEXT_TRUE='#'
am__fastdepCC_FALSE='#'
am__fastdepCC_TRUE=''
am__include='include'
am__isrc=''
am__leading_dot='.'
am__nodep='_no'
am__quote=''
am__tar='$${TAR-tar} chof - "$$tardir"'
am__untar='$${TAR-tar} xf -'
bindir='${exec_prefix}/bin'
build='x86_64-unknown-linux-gnu'
build_alias=''
build_cpu='x86_64'
build_os='linux-gnu'
build_vendor='unknown'
datadir='${datarootdir}'
datarootdir='${prefix}/share'
docdir='${datarootdir}/doc/${PACKAGE_TARNAME}'
dvidir='${docdir}'
exec_prefix='${prefix}'
host='x86_64-unknown-linux-gnu'
host_alias=''
host_cpu='x86_64'
host_os='linux-gnu'
host_vendor='unknown'
htmldir='${docdir}'
includedir='${prefix}/include'
infodir='${datarootdir}/info'
install_sh='${SHELL} /home/christoph/catkin_ws/src/motor_controller/libphidget22/build/install-sh'
libdir='${exec_prefix}/lib'
libexecdir='${exec_prefix}/libexec'
localedir='${datarootdir}/locale'
localstatedir='${prefix}/var'
mandir='${datarootdir}/man'
mkdir_p='$(MKDIR_P)'
oldincludedir='/usr/include'
pdfdir='${docdir}'
prefix='/usr/local'
program_transform_name='s,x,x,'
psdir='${docdir}'
runstatedir='${localstatedir}/run'
sbindir='${exec_prefix}/sbin'
sharedstatedir='${prefix}/com'
sysconfdir='${prefix}/etc'
target_alias=''

## ----------- ##
## confdefs.h. ##
## ----------- ##

/* confdefs.h */
#define PACKAGE_NAME "phidget22 C Library"
#define PACKAGE_TARNAME "libphidget22"
#define PACKAGE_VERSION "1.6.20201117"
#define PACKAGE_STRING "phidget22 C Library 1.6.20201117"
#define PACKAGE_BUGREPORT "support@phidgets.com"
#define PACKAGE_URL "www.phidgets.com"
#define PACKAGE "libphidget22"
#define VERSION "1.6.20201117"
#define P22_LIB_VERSION "1.6.20201117"
#define _HOST_CPU x86_64
#define _MACHINE x86_64
#define STDC_HEADERS 1
#define HAVE_SYS_TYPES_H 1
#define HAVE_SYS_STAT_H 1
#define HAVE_STDLIB_H 1
#define HAVE_STRING_H 1
#define HAVE_MEMORY_H 1
#define HAVE_STRINGS_H 1
#define HAVE_INTTYPES_H 1
#define HAVE_STDINT_H 1
#define HAVE_UNISTD_H 1
#define HAVE_DLFCN_H 1
#define LT_OBJDIR ".libs/"
#define MOS_BYTE_ORDER MOS_LITTLE_ENDIAN
#define _MOS_PTHREADS 1
#define UNIX 1
#define _LINUX 1
#define Linux 1
#define LIBUSB_ASYNC 1
#define NDEBUG 1
#define THREAD_LOCALE_LOCALE_H 1

configure: exit 0

## ---------------------- ##
## Running config.status. ##
## ---------------------- ##

This file was extended by phidget22 C Library config.status 1.6.20201117, which was
generated by GNU Autoconf 2.69.  Invocation command line was

  CONFIG_FILES    = 
  CONFIG_HEADERS  = 
  CONFIG_LINKS    = 
  CONFIG_COMMANDS = 
  $ ./config.status 

on christoph-VirtualBox

config.status:1015: creating Makefile
config.status:1015: creating libphidget22.pc
config.status:1187: executing depfiles commands
config.status:1187: executing libtool commands
